mode: set
github.com/mlange-42/track/util/cli.go:12.56,14.2 1 0
github.com/mlange-42/track/util/cli.go:17.64,18.55 1 0
github.com/mlange-42/track/util/cli.go:18.55,20.17 2 0
github.com/mlange-42/track/util/cli.go:23.3,23.13 1 0
github.com/mlange-42/track/util/cli.go:20.17,22.4 1 0
github.com/mlange-42/track/util/cli.go:28.60,30.16 2 0
github.com/mlange-42/track/util/cli.go:34.2,35.39 1 0
github.com/mlange-42/track/util/cli.go:40.2,40.43 1 0
github.com/mlange-42/track/util/cli.go:30.16,32.3 1 0
github.com/mlange-42/track/util/cli.go:35.39,37.4 1 0
github.com/mlange-42/track/util/cli.go:55.40,57.2 1 0
github.com/mlange-42/track/util/cli.go:60.59,67.16 3 0
github.com/mlange-42/track/util/cli.go:70.2,70.15 1 0
github.com/mlange-42/track/util/cli.go:67.16,69.3 1 0
github.com/mlange-42/track/util/cli.go:73.46,74.25 1 0
github.com/mlange-42/track/util/cli.go:77.2,77.23 1 0
github.com/mlange-42/track/util/cli.go:74.25,76.3 1 0
github.com/mlange-42/track/util/cli.go:80.61,81.44 1 0
github.com/mlange-42/track/util/cli.go:91.2,91.12 1 0
github.com/mlange-42/track/util/cli.go:81.44,83.17 2 0
github.com/mlange-42/track/util/cli.go:86.3,87.17 2 0
github.com/mlange-42/track/util/cli.go:83.17,85.4 1 0
github.com/mlange-42/track/util/cli.go:87.17,89.4 1 0
github.com/mlange-42/track/util/edit.go:9.49,14.2 4 0
github.com/mlange-42/track/util/format.go:40.52,42.13 2 0
github.com/mlange-42/track/util/format.go:45.2,45.28 1 0
github.com/mlange-42/track/util/format.go:48.2,48.30 1 0
github.com/mlange-42/track/util/format.go:51.2,51.24 1 0
github.com/mlange-42/track/util/format.go:42.13,44.3 1 0
github.com/mlange-42/track/util/format.go:45.28,47.3 1 0
github.com/mlange-42/track/util/format.go:48.30,50.3 1 0
github.com/mlange-42/track/util/format.go:55.67,56.47 1 1
github.com/mlange-42/track/util/format.go:59.2,59.84 1 1
github.com/mlange-42/track/util/format.go:56.47,58.3 1 1
github.com/mlange-42/track/util/format.go:63.68,64.16 1 1
github.com/mlange-42/track/util/format.go:67.2,68.32 2 1
github.com/mlange-42/track/util/format.go:72.2,72.32 1 1
github.com/mlange-42/track/util/format.go:76.2,76.16 1 1
github.com/mlange-42/track/util/format.go:64.16,66.3 1 0
github.com/mlange-42/track/util/format.go:68.32,71.3 2 1
github.com/mlange-42/track/util/format.go:72.32,75.3 2 1
github.com/mlange-42/track/util/format.go:83.56,85.25 2 1
github.com/mlange-42/track/util/format.go:88.2,88.12 1 1
github.com/mlange-42/track/util/format.go:85.25,87.3 1 1
github.com/mlange-42/track/util/format.go:105.20,114.2 1 0
github.com/mlange-42/track/util/format.go:117.61,121.2 3 0
github.com/mlange-42/track/util/format.go:123.112,125.15 2 0
github.com/mlange-42/track/util/format.go:128.2,132.15 4 0
github.com/mlange-42/track/util/format.go:136.2,137.31 2 0
github.com/mlange-42/track/util/format.go:140.2,141.29 2 0
github.com/mlange-42/track/util/format.go:125.15,127.3 1 0
github.com/mlange-42/track/util/format.go:132.15,134.3 1 0
github.com/mlange-42/track/util/format.go:137.31,139.3 1 0
github.com/mlange-42/track/util/format.go:141.29,144.3 2 0
github.com/mlange-42/track/util/format.go:147.59,148.10 1 0
github.com/mlange-42/track/util/format.go:151.2,151.23 1 0
github.com/mlange-42/track/util/format.go:148.10,150.3 1 0
github.com/mlange-42/track/util/format.go:154.64,155.10 1 0
github.com/mlange-42/track/util/format.go:158.2,158.22 1 0
github.com/mlange-42/track/util/format.go:155.10,157.3 1 0
github.com/mlange-42/track/util/fs.go:30.35,32.2 1 1
github.com/mlange-42/track/util/fs.go:35.35,37.16 2 1
github.com/mlange-42/track/util/fs.go:40.2,40.22 1 1
github.com/mlange-42/track/util/fs.go:37.16,39.3 1 1
github.com/mlange-42/track/util/fs.go:44.34,46.16 2 1
github.com/mlange-42/track/util/fs.go:49.2,49.21 1 1
github.com/mlange-42/track/util/fs.go:46.16,48.3 1 1
github.com/mlange-42/track/util/fs.go:53.44,54.22 1 1
github.com/mlange-42/track/util/fs.go:57.2,58.16 2 1
github.com/mlange-42/track/util/fs.go:61.2,61.31 1 1
github.com/mlange-42/track/util/fs.go:54.22,56.3 1 0
github.com/mlange-42/track/util/fs.go:58.16,60.3 1 0
github.com/mlange-42/track/util/fs.go:65.35,68.24 2 1
github.com/mlange-42/track/util/fs.go:75.2,75.12 1 0
github.com/mlange-42/track/util/fs.go:68.24,70.17 2 1
github.com/mlange-42/track/util/fs.go:73.3,73.13 1 1
github.com/mlange-42/track/util/fs.go:70.17,72.4 1 0
github.com/mlange-42/track/util/fs.go:79.67,81.16 2 1
github.com/mlange-42/track/util/fs.go:85.2,86.39 2 1
github.com/mlange-42/track/util/fs.go:93.2,93.16 1 1
github.com/mlange-42/track/util/fs.go:97.2,97.57 1 1
github.com/mlange-42/track/util/fs.go:81.16,83.3 1 0
github.com/mlange-42/track/util/fs.go:86.39,88.27 2 1
github.com/mlange-42/track/util/fs.go:88.27,89.9 1 1
github.com/mlange-42/track/util/fs.go:93.16,95.3 1 0
github.com/mlange-42/track/util/misc.go:10.55,12.2 1 1
github.com/mlange-42/track/util/misc.go:15.34,16.50 1 1
github.com/mlange-42/track/util/misc.go:16.50,18.3 1 1
github.com/mlange-42/track/util/misc.go:22.42,25.26 3 1
github.com/mlange-42/track/util/misc.go:31.2,31.15 1 1
github.com/mlange-42/track/util/misc.go:25.26,26.31 1 1
github.com/mlange-42/track/util/misc.go:26.31,29.4 2 1
github.com/mlange-42/track/util/parse.go:10.48,11.14 1 1
github.com/mlange-42/track/util/parse.go:19.2,19.59 1 1
github.com/mlange-42/track/util/parse.go:12.15,13.33 1 1
github.com/mlange-42/track/util/parse.go:14.18,15.53 1 1
github.com/mlange-42/track/util/parse.go:16.19,17.54 1 1
github.com/mlange-42/track/util/parse.go:23.52,25.2 1 0
github.com/mlange-42/track/util/parse.go:28.36,31.2 2 1
github.com/mlange-42/track/util/parse.go:34.58,36.2 1 1
github.com/mlange-42/track/util/parse.go:39.87,41.2 1 1
github.com/mlange-42/track/util/parse.go:44.84,46.21 2 1
github.com/mlange-42/track/util/parse.go:50.2,50.23 1 1
github.com/mlange-42/track/util/parse.go:54.2,55.16 2 1
github.com/mlange-42/track/util/parse.go:59.2,59.21 1 1
github.com/mlange-42/track/util/parse.go:76.2,76.24 1 1
github.com/mlange-42/track/util/parse.go:46.21,49.3 2 1
github.com/mlange-42/track/util/parse.go:50.23,52.3 1 1
github.com/mlange-42/track/util/parse.go:55.16,57.3 1 0
github.com/mlange-42/track/util/parse.go:59.21,61.17 2 1
github.com/mlange-42/track/util/parse.go:70.3,70.23 1 1
github.com/mlange-42/track/util/parse.go:61.17,64.18 3 1
github.com/mlange-42/track/util/parse.go:67.4,67.24 1 1
github.com/mlange-42/track/util/parse.go:64.18,66.5 1 0
github.com/mlange-42/track/util/parse.go:70.23,73.4 2 1
github.com/mlange-42/track/util/parse.go:80.74,84.44 4 1
github.com/mlange-42/track/util/parse.go:88.2,88.44 1 1
github.com/mlange-42/track/util/parse.go:92.2,93.16 2 1
github.com/mlange-42/track/util/parse.go:96.2,97.20 2 1
github.com/mlange-42/track/util/parse.go:100.2,100.15 1 1
github.com/mlange-42/track/util/parse.go:84.44,87.3 2 1
github.com/mlange-42/track/util/parse.go:88.44,91.3 2 1
github.com/mlange-42/track/util/parse.go:93.16,95.3 1 1
github.com/mlange-42/track/util/parse.go:97.20,99.3 1 1
github.com/mlange-42/track/util/parse.go:104.44,109.2 1 1
github.com/mlange-42/track/util/time.go:9.65,10.18 1 1
github.com/mlange-42/track/util/time.go:13.2,13.19 1 1
github.com/mlange-42/track/util/time.go:21.2,21.19 1 1
github.com/mlange-42/track/util/time.go:30.2,30.23 1 1
github.com/mlange-42/track/util/time.go:10.18,12.3 1 1
github.com/mlange-42/track/util/time.go:13.19,14.22 1 1
github.com/mlange-42/track/util/time.go:17.3,17.24 1 1
github.com/mlange-42/track/util/time.go:14.22,16.4 1 1
github.com/mlange-42/track/util/time.go:17.24,19.4 1 1
github.com/mlange-42/track/util/time.go:21.19,22.23 1 1
github.com/mlange-42/track/util/time.go:25.3,25.21 1 1
github.com/mlange-42/track/util/time.go:22.23,24.4 1 1
github.com/mlange-42/track/util/time.go:25.21,27.4 1 1
github.com/mlange-42/track/util/time.go:34.39,37.2 2 1
github.com/mlange-42/track/util/tree.go:18.44,23.2 1 1
github.com/mlange-42/track/util/tree.go:32.44,38.2 2 1
github.com/mlange-42/track/util/tree.go:44.67,47.9 3 1
github.com/mlange-42/track/util/tree.go:50.2,50.25 1 1
github.com/mlange-42/track/util/tree.go:54.2,54.18 1 1
github.com/mlange-42/track/util/tree.go:47.9,49.3 1 0
github.com/mlange-42/track/util/tree.go:50.25,53.3 2 1
github.com/mlange-42/track/util/tree.go:61.69,64.9 3 1
github.com/mlange-42/track/util/tree.go:67.2,68.19 2 1
github.com/mlange-42/track/util/tree.go:64.9,66.3 1 0
github.com/mlange-42/track/util/tree.go:71.82,72.35 1 1
github.com/mlange-42/track/util/tree.go:76.2,76.12 1 1
github.com/mlange-42/track/util/tree.go:72.35,75.3 2 1
github.com/mlange-42/track/util/tree.go:80.76,82.32 2 1
github.com/mlange-42/track/util/tree.go:86.2,91.18 5 1
github.com/mlange-42/track/util/tree.go:82.32,84.3 1 0
github.com/mlange-42/track/util/tree.go:95.75,97.32 2 1
github.com/mlange-42/track/util/tree.go:101.2,105.12 4 1
github.com/mlange-42/track/util/tree.go:97.32,99.3 1 0
github.com/mlange-42/track/util/tree.go:109.95,111.2 1 0
github.com/mlange-42/track/util/tree.go:113.98,115.9 2 0
github.com/mlange-42/track/util/tree.go:118.2,118.36 1 0
github.com/mlange-42/track/util/tree.go:122.2,123.12 2 0
github.com/mlange-42/track/util/tree.go:115.9,117.3 1 0
github.com/mlange-42/track/util/tree.go:118.36,121.3 2 0
github.com/mlange-42/track/core/record.go:46.60,48.2 1 1
github.com/mlange-42/track/core/record.go:51.34,53.2 1 1
github.com/mlange-42/track/core/record.go:56.34,58.2 1 1
github.com/mlange-42/track/core/record.go:61.47,62.62 1 0
github.com/mlange-42/track/core/record.go:65.2,65.23 1 0
github.com/mlange-42/track/core/record.go:62.62,64.3 1 0
github.com/mlange-42/track/core/record.go:69.44,70.63 1 0
github.com/mlange-42/track/core/record.go:73.2,73.23 1 0
github.com/mlange-42/track/core/record.go:70.63,72.3 1 0
github.com/mlange-42/track/core/record.go:77.61,81.2 3 1
github.com/mlange-42/track/core/record.go:84.66,86.2 1 0
github.com/mlange-42/track/core/record.go:89.66,91.28 2 1
github.com/mlange-42/track/core/record.go:94.2,94.12 1 1
github.com/mlange-42/track/core/record.go:91.28,93.3 1 1
github.com/mlange-42/track/core/record.go:98.73,100.23 2 0
github.com/mlange-42/track/core/record.go:103.2,103.19 1 0
github.com/mlange-42/track/core/record.go:106.2,108.32 2 0
github.com/mlange-42/track/core/record.go:100.23,102.3 1 0
github.com/mlange-42/track/core/record.go:103.19,105.3 1 0
github.com/mlange-42/track/core/record.go:112.48,113.43 1 1
github.com/mlange-42/track/core/record.go:123.2,123.46 1 1
github.com/mlange-42/track/core/record.go:126.2,128.28 3 1
github.com/mlange-42/track/core/record.go:152.2,152.12 1 1
github.com/mlange-42/track/core/record.go:113.43,114.31 1 1
github.com/mlange-42/track/core/record.go:114.31,115.15 1 1
github.com/mlange-42/track/core/record.go:115.15,117.5 1 1
github.com/mlange-42/track/core/record.go:118.9,120.4 1 1
github.com/mlange-42/track/core/record.go:123.46,125.3 1 1
github.com/mlange-42/track/core/record.go:128.28,129.30 1 1
github.com/mlange-42/track/core/record.go:132.3,132.47 1 1
github.com/mlange-42/track/core/record.go:135.3,135.22 1 1
github.com/mlange-42/track/core/record.go:143.3,143.31 1 1
github.com/mlange-42/track/core/record.go:146.3,146.29 1 1
github.com/mlange-42/track/core/record.go:149.3,150.18 2 1
github.com/mlange-42/track/core/record.go:129.30,131.4 1 1
github.com/mlange-42/track/core/record.go:132.47,134.4 1 1
github.com/mlange-42/track/core/record.go:135.22,136.22 1 1
github.com/mlange-42/track/core/record.go:139.4,139.26 1 1
github.com/mlange-42/track/core/record.go:136.22,138.5 1 1
github.com/mlange-42/track/core/record.go:139.26,141.5 1 1
github.com/mlange-42/track/core/record.go:143.31,145.4 1 1
github.com/mlange-42/track/core/record.go:146.29,148.4 1 1
github.com/mlange-42/track/core/record.go:156.90,157.23 1 1
github.com/mlange-42/track/core/record.go:166.2,167.37 2 1
github.com/mlange-42/track/core/record.go:157.23,158.28 1 1
github.com/mlange-42/track/core/record.go:158.28,160.4 1 0
github.com/mlange-42/track/core/record.go:161.8,162.48 1 0
github.com/mlange-42/track/core/record.go:162.48,164.4 1 0
github.com/mlange-42/track/core/record.go:171.43,172.23 1 0
github.com/mlange-42/track/core/record.go:175.2,177.16 3 0
github.com/mlange-42/track/core/record.go:172.23,174.3 1 0
github.com/mlange-42/track/core/record.go:181.55,182.23 1 0
github.com/mlange-42/track/core/record.go:185.2,185.43 1 0
github.com/mlange-42/track/core/record.go:188.2,189.37 2 0
github.com/mlange-42/track/core/record.go:182.23,184.3 1 0
github.com/mlange-42/track/core/record.go:185.43,187.3 1 0
github.com/mlange-42/track/core/record.go:193.44,196.20 3 1
github.com/mlange-42/track/core/record.go:199.2,199.24 1 1
github.com/mlange-42/track/core/record.go:196.20,198.3 1 1
github.com/mlange-42/track/core/record.go:203.67,205.31 2 1
github.com/mlange-42/track/core/record.go:217.2,217.20 1 1
github.com/mlange-42/track/core/record.go:205.31,207.38 2 1
github.com/mlange-42/track/core/record.go:207.38,208.46 1 1
github.com/mlange-42/track/core/record.go:208.46,210.51 2 1
github.com/mlange-42/track/core/record.go:213.5,213.24 1 1
github.com/mlange-42/track/core/record.go:210.51,212.6 1 0
github.com/mlange-42/track/core/record.go:221.58,224.37 3 1
github.com/mlange-42/track/core/record.go:233.2,233.20 1 1
github.com/mlange-42/track/core/record.go:224.37,225.45 1 1
github.com/mlange-42/track/core/record.go:225.45,227.50 2 1
github.com/mlange-42/track/core/record.go:230.4,230.23 1 1
github.com/mlange-42/track/core/record.go:227.50,229.5 1 0
github.com/mlange-42/track/core/record.go:236.58,242.2 1 1
github.com/mlange-42/track/core/record.go:244.65,246.16 2 1
github.com/mlange-42/track/core/record.go:249.2,249.39 1 1
github.com/mlange-42/track/core/record.go:246.16,248.3 1 0
github.com/mlange-42/track/core/track.go:25.44,32.16 4 1
github.com/mlange-42/track/core/track.go:36.2,39.19 3 1
github.com/mlange-42/track/core/track.go:32.16,34.3 1 0
github.com/mlange-42/track/core/track.go:42.38,43.17 1 1
github.com/mlange-42/track/core/track.go:46.2,46.51 1 1
github.com/mlange-42/track/core/track.go:49.2,50.16 2 1
github.com/mlange-42/track/core/track.go:53.2,53.41 1 1
github.com/mlange-42/track/core/track.go:43.17,45.3 1 1
github.com/mlange-42/track/core/track.go:46.51,48.3 1 0
github.com/mlange-42/track/core/track.go:50.16,51.13 1 0
github.com/mlange-42/track/core/track.go:56.33,58.16 2 1
github.com/mlange-42/track/core/track.go:58.16,59.13 1 0
github.com/mlange-42/track/core/track.go:63.55,65.16 2 1
github.com/mlange-42/track/core/track.go:68.2,69.16 2 1
github.com/mlange-42/track/core/track.go:65.16,66.13 1 0
github.com/mlange-42/track/core/track.go:69.16,70.13 1 0
github.com/mlange-42/track/core/track.go:75.56,77.2 1 1
github.com/mlange-42/track/core/track.go:80.55,82.2 1 1
github.com/mlange-42/track/core/workspace.go:11.52,12.42 1 1
github.com/mlange-42/track/core/workspace.go:15.2,16.12 2 1
github.com/mlange-42/track/core/workspace.go:12.42,14.3 1 0
github.com/mlange-42/track/core/workspace.go:20.51,22.2 1 1
github.com/mlange-42/track/core/workspace.go:25.52,26.43 1 1
github.com/mlange-42/track/core/workspace.go:29.2,30.16 2 1
github.com/mlange-42/track/core/workspace.go:33.2,33.17 1 1
github.com/mlange-42/track/core/workspace.go:36.2,40.16 4 1
github.com/mlange-42/track/core/workspace.go:44.2,44.12 1 1
github.com/mlange-42/track/core/workspace.go:26.43,28.3 1 0
github.com/mlange-42/track/core/workspace.go:30.16,32.3 1 0
github.com/mlange-42/track/core/workspace.go:33.17,35.3 1 0
github.com/mlange-42/track/core/workspace.go:40.16,42.3 1 0
github.com/mlange-42/track/core/workspace.go:48.36,50.2 1 1
github.com/mlange-42/track/core/workspace.go:53.51,56.16 3 1
github.com/mlange-42/track/core/workspace.go:59.2,60.25 2 1
github.com/mlange-42/track/core/workspace.go:66.2,66.20 1 1
github.com/mlange-42/track/core/workspace.go:56.16,58.3 1 0
github.com/mlange-42/track/core/workspace.go:60.25,61.17 1 1
github.com/mlange-42/track/core/workspace.go:64.3,64.36 1 1
github.com/mlange-42/track/core/workspace.go:61.17,62.12 1 1
github.com/mlange-42/track/core/workspace.go:70.41,72.2 1 1
github.com/mlange-42/track/core/config.go:39.29,41.48 2 1
github.com/mlange-42/track/core/config.go:47.2,54.3 1 1
github.com/mlange-42/track/core/config.go:41.48,43.3 1 1
github.com/mlange-42/track/core/config.go:43.8,45.3 1 0
github.com/mlange-42/track/core/config.go:58.46,60.16 2 1
github.com/mlange-42/track/core/config.go:63.2,63.34 1 1
github.com/mlange-42/track/core/config.go:67.2,70.16 3 1
github.com/mlange-42/track/core/config.go:74.2,74.18 1 1
github.com/mlange-42/track/core/config.go:60.16,62.3 1 1
github.com/mlange-42/track/core/config.go:63.34,65.3 1 0
github.com/mlange-42/track/core/config.go:70.16,72.3 1 0
github.com/mlange-42/track/core/config.go:77.49,79.16 2 1
github.com/mlange-42/track/core/config.go:83.2,85.52 2 1
github.com/mlange-42/track/core/config.go:89.2,89.36 1 1
github.com/mlange-42/track/core/config.go:93.2,93.18 1 1
github.com/mlange-42/track/core/config.go:79.16,81.3 1 1
github.com/mlange-42/track/core/config.go:85.52,87.3 1 0
github.com/mlange-42/track/core/config.go:89.36,91.3 1 0
github.com/mlange-42/track/core/config.go:97.45,98.37 1 1
github.com/mlange-42/track/core/config.go:102.2,103.16 2 1
github.com/mlange-42/track/core/config.go:107.2,108.16 2 1
github.com/mlange-42/track/core/config.go:112.2,113.16 2 1
github.com/mlange-42/track/core/config.go:117.2,119.12 2 1
github.com/mlange-42/track/core/config.go:98.37,100.3 1 0
github.com/mlange-42/track/core/config.go:103.16,105.3 1 0
github.com/mlange-42/track/core/config.go:108.16,110.3 1 0
github.com/mlange-42/track/core/config.go:113.16,115.3 1 0
github.com/mlange-42/track/core/config.go:123.35,125.49 2 1
github.com/mlange-42/track/core/config.go:128.2,128.50 1 1
github.com/mlange-42/track/core/config.go:131.2,131.49 1 1
github.com/mlange-42/track/core/config.go:134.2,134.12 1 1
github.com/mlange-42/track/core/config.go:125.49,127.3 1 0
github.com/mlange-42/track/core/config.go:128.50,130.3 1 0
github.com/mlange-42/track/core/config.go:131.49,133.3 1 0
github.com/mlange-42/track/core/filter.go:20.75,21.39 1 1
github.com/mlange-42/track/core/filter.go:24.2,28.3 1 1
github.com/mlange-42/track/core/filter.go:21.39,23.3 1 0
github.com/mlange-42/track/core/filter.go:32.59,33.38 1 1
github.com/mlange-42/track/core/filter.go:38.2,38.13 1 1
github.com/mlange-42/track/core/filter.go:33.38,34.17 1 1
github.com/mlange-42/track/core/filter.go:34.17,36.4 1 1
github.com/mlange-42/track/core/filter.go:42.57,44.29 2 1
github.com/mlange-42/track/core/filter.go:47.2,47.30 1 1
github.com/mlange-42/track/core/filter.go:44.29,46.3 1 1
github.com/mlange-42/track/core/filter.go:47.30,50.3 2 1
github.com/mlange-42/track/core/filter.go:59.56,61.30 2 1
github.com/mlange-42/track/core/filter.go:61.30,63.23 2 1
github.com/mlange-42/track/core/filter.go:66.3,66.91 1 1
github.com/mlange-42/track/core/filter.go:63.23,65.4 1 0
github.com/mlange-42/track/core/filter.go:71.82,72.30 1 0
github.com/mlange-42/track/core/filter.go:72.30,74.3 1 0
github.com/mlange-42/track/core/filter.go:78.71,80.26 2 1
github.com/mlange-42/track/core/filter.go:88.2,88.30 1 1
github.com/mlange-42/track/core/filter.go:80.26,81.30 1 1
github.com/mlange-42/track/core/filter.go:81.30,83.4 1 1
github.com/mlange-42/track/core/filter.go:83.9,85.4 1 1
github.com/mlange-42/track/core/filter.go:88.30,89.28 1 1
github.com/mlange-42/track/core/filter.go:99.3,99.15 1 1
github.com/mlange-42/track/core/filter.go:89.28,90.31 1 1
github.com/mlange-42/track/core/filter.go:90.31,91.32 1 1
github.com/mlange-42/track/core/filter.go:94.5,94.31 1 1
github.com/mlange-42/track/core/filter.go:91.32,93.6 1 1
github.com/mlange-42/track/core/filter.go:94.31,96.6 1 1
github.com/mlange-42/track/core/filter.go:104.71,105.30 1 1
github.com/mlange-42/track/core/filter.go:105.30,106.27 1 1
github.com/mlange-42/track/core/filter.go:118.3,118.14 1 1
github.com/mlange-42/track/core/filter.go:106.27,108.31 2 1
github.com/mlange-42/track/core/filter.go:114.4,114.14 1 1
github.com/mlange-42/track/core/filter.go:108.31,109.59 1 1
github.com/mlange-42/track/core/filter.go:109.59,111.11 2 1
github.com/mlange-42/track/core/filter.go:114.14,116.5 1 1
github.com/mlange-42/track/core/project.go:21.44,23.2 1 1
github.com/mlange-42/track/core/project.go:41.113,53.2 3 1
github.com/mlange-42/track/core/project.go:66.35,68.2 1 1
github.com/mlange-42/track/core/project.go:71.57,74.16 3 1
github.com/mlange-42/track/core/project.go:77.2,85.12 7 1
github.com/mlange-42/track/core/project.go:74.16,76.3 1 0
github.com/mlange-42/track/core/project.go:89.47,93.2 3 1
github.com/mlange-42/track/core/project.go:96.49,98.2 1 1
github.com/mlange-42/track/core/project.go:101.64,104.37 2 1
github.com/mlange-42/track/core/project.go:108.2,109.16 2 1
github.com/mlange-42/track/core/project.go:112.2,115.16 3 1
github.com/mlange-42/track/core/project.go:119.2,120.16 2 1
github.com/mlange-42/track/core/project.go:124.2,126.12 2 1
github.com/mlange-42/track/core/project.go:104.37,106.3 1 1
github.com/mlange-42/track/core/project.go:109.16,111.3 1 0
github.com/mlange-42/track/core/project.go:115.16,117.3 1 0
github.com/mlange-42/track/core/project.go:120.16,122.3 1 0
github.com/mlange-42/track/core/project.go:130.65,133.2 2 1
github.com/mlange-42/track/core/project.go:136.59,138.16 2 1
github.com/mlange-42/track/core/project.go:142.2,144.55 2 1
github.com/mlange-42/track/core/project.go:148.2,148.21 1 1
github.com/mlange-42/track/core/project.go:138.16,140.3 1 0
github.com/mlange-42/track/core/project.go:144.55,146.3 1 0
github.com/mlange-42/track/core/project.go:152.63,156.16 3 1
github.com/mlange-42/track/core/project.go:160.2,161.29 2 1
github.com/mlange-42/track/core/project.go:172.2,172.22 1 1
github.com/mlange-42/track/core/project.go:156.16,158.3 1 0
github.com/mlange-42/track/core/project.go:161.29,162.19 1 1
github.com/mlange-42/track/core/project.go:165.3,166.17 2 1
github.com/mlange-42/track/core/project.go:169.3,169.35 1 1
github.com/mlange-42/track/core/project.go:162.19,163.12 1 0
github.com/mlange-42/track/core/project.go:166.17,168.4 1 0
github.com/mlange-42/track/core/project.go:176.95,179.19 2 1
github.com/mlange-42/track/core/project.go:201.2,201.13 1 1
github.com/mlange-42/track/core/project.go:208.2,208.21 1 1
github.com/mlange-42/track/core/project.go:179.19,190.28 4 1
github.com/mlange-42/track/core/project.go:190.28,191.22 1 0
github.com/mlange-42/track/core/project.go:194.4,194.15 1 0
github.com/mlange-42/track/core/project.go:197.4,197.13 1 0
github.com/mlange-42/track/core/project.go:191.22,193.5 1 0
github.com/mlange-42/track/core/project.go:194.15,196.5 1 0
github.com/mlange-42/track/core/project.go:201.13,203.17 2 1
github.com/mlange-42/track/core/project.go:203.17,205.4 1 0
github.com/mlange-42/track/core/project.go:212.82,222.38 3 1
github.com/mlange-42/track/core/project.go:226.2,226.29 1 1
github.com/mlange-42/track/core/project.go:245.2,245.19 1 1
github.com/mlange-42/track/core/project.go:222.38,224.3 1 1
github.com/mlange-42/track/core/project.go:226.29,227.25 1 1
github.com/mlange-42/track/core/project.go:230.3,231.30 2 1
github.com/mlange-42/track/core/project.go:240.3,240.17 1 1
github.com/mlange-42/track/core/project.go:227.25,228.12 1 1
github.com/mlange-42/track/core/project.go:231.30,233.4 1 1
github.com/mlange-42/track/core/project.go:233.9,234.46 1 1
github.com/mlange-42/track/core/project.go:234.46,236.5 1 1
github.com/mlange-42/track/core/project.go:236.10,238.5 1 0
github.com/mlange-42/track/core/project.go:240.17,242.4 1 0
github.com/mlange-42/track/core/project.go:249.47,251.16 2 1
github.com/mlange-42/track/core/project.go:254.2,254.48 1 1
github.com/mlange-42/track/core/project.go:251.16,253.3 1 0
github.com/mlange-42/track/core/project.go:257.100,258.20 1 1
github.com/mlange-42/track/core/project.go:261.2,261.24 1 1
github.com/mlange-42/track/core/project.go:264.2,265.9 2 1
github.com/mlange-42/track/core/project.go:268.2,268.31 1 1
github.com/mlange-42/track/core/project.go:271.2,271.57 1 1
github.com/mlange-42/track/core/project.go:258.20,260.3 1 1
github.com/mlange-42/track/core/project.go:261.24,263.3 1 1
github.com/mlange-42/track/core/project.go:265.9,267.3 1 0
github.com/mlange-42/track/core/project.go:268.31,270.3 1 1
github.com/mlange-42/track/core/reporter.go:18.45,20.2 1 0
github.com/mlange-42/track/core/reporter.go:39.22,42.16 2 0
github.com/mlange-42/track/core/reporter.go:45.2,45.25 1 0
github.com/mlange-42/track/core/reporter.go:51.2,52.16 2 0
github.com/mlange-42/track/core/reporter.go:56.2,57.20 2 0
github.com/mlange-42/track/core/reporter.go:86.2,88.16 3 0
github.com/mlange-42/track/core/reporter.go:92.2,94.29 3 0
github.com/mlange-42/track/core/reporter.go:98.2,99.30 2 0
github.com/mlange-42/track/core/reporter.go:120.2,121.27 2 0
github.com/mlange-42/track/core/reporter.go:125.2,127.42 1 0
github.com/mlange-42/track/core/reporter.go:130.2,140.21 2 0
github.com/mlange-42/track/core/reporter.go:42.16,44.3 1 0
github.com/mlange-42/track/core/reporter.go:45.25,46.35 1 0
github.com/mlange-42/track/core/reporter.go:46.35,48.4 1 0
github.com/mlange-42/track/core/reporter.go:52.16,54.3 1 0
github.com/mlange-42/track/core/reporter.go:57.20,58.22 1 0
github.com/mlange-42/track/core/reporter.go:58.22,60.4 1 0
github.com/mlange-42/track/core/reporter.go:60.9,61.34 1 0
github.com/mlange-42/track/core/reporter.go:61.34,62.20 1 0
github.com/mlange-42/track/core/reporter.go:62.20,64.6 1 0
github.com/mlange-42/track/core/reporter.go:67.8,68.26 1 0
github.com/mlange-42/track/core/reporter.go:68.26,73.11 4 0
github.com/mlange-42/track/core/reporter.go:76.4,76.28 1 0
github.com/mlange-42/track/core/reporter.go:73.11,75.5 1 0
github.com/mlange-42/track/core/reporter.go:76.28,77.46 1 0
github.com/mlange-42/track/core/reporter.go:77.46,78.46 1 0
github.com/mlange-42/track/core/reporter.go:78.46,80.7 1 0
github.com/mlange-42/track/core/reporter.go:88.16,90.3 1 0
github.com/mlange-42/track/core/reporter.go:94.29,96.3 1 0
github.com/mlange-42/track/core/reporter.go:99.30,101.14 2 0
github.com/mlange-42/track/core/reporter.go:106.3,106.62 1 0
github.com/mlange-42/track/core/reporter.go:109.3,109.23 1 0
github.com/mlange-42/track/core/reporter.go:101.14,103.4 1 0
github.com/mlange-42/track/core/reporter.go:106.62,108.4 1 0
github.com/mlange-42/track/core/reporter.go:109.23,110.58 1 0
github.com/mlange-42/track/core/reporter.go:110.58,112.5 1 0
github.com/mlange-42/track/core/reporter.go:113.9,114.56 1 0
github.com/mlange-42/track/core/reporter.go:114.56,116.5 1 0
github.com/mlange-42/track/core/reporter.go:121.27,123.3 1 0
github.com/mlange-42/track/core/reporter.go:127.42,127.58 1 0
github.com/mlange-42/track/core/paths.go:12.48,14.2 1 1
github.com/mlange-42/track/core/paths.go:17.37,19.2 1 1
github.com/mlange-42/track/core/paths.go:22.42,24.2 1 1
github.com/mlange-42/track/core/paths.go:27.38,29.2 1 1
github.com/mlange-42/track/core/paths.go:32.49,34.2 1 1
github.com/mlange-42/track/core/paths.go:37.41,39.2 1 1
github.com/mlange-42/track/core/paths.go:42.48,49.2 1 1
github.com/mlange-42/track/core/paths.go:52.37,54.2 1 1
github.com/mlange-42/track/core/paths.go:57.49,62.2 1 1
github.com/mlange-42/track/core/record_file.go:33.117,43.46 2 1
github.com/mlange-42/track/core/record_file.go:47.2,47.45 1 1
github.com/mlange-42/track/core/record_file.go:43.46,45.3 1 0
github.com/mlange-42/track/core/record_file.go:51.60,53.16 2 1
github.com/mlange-42/track/core/record_file.go:56.2,56.19 1 1
github.com/mlange-42/track/core/record_file.go:60.2,61.28 2 1
github.com/mlange-42/track/core/record_file.go:71.2,72.16 2 1
github.com/mlange-42/track/core/record_file.go:75.2,75.20 1 1
github.com/mlange-42/track/core/record_file.go:53.16,55.3 1 0
github.com/mlange-42/track/core/record_file.go:56.19,58.3 1 0
github.com/mlange-42/track/core/record_file.go:61.28,63.73 2 1
github.com/mlange-42/track/core/record_file.go:63.73,66.4 2 1
github.com/mlange-42/track/core/record_file.go:66.9,67.9 1 0
github.com/mlange-42/track/core/record_file.go:72.16,74.3 1 0
github.com/mlange-42/track/core/record_file.go:79.58,82.16 3 1
github.com/mlange-42/track/core/record_file.go:89.2,90.16 2 1
github.com/mlange-42/track/core/record_file.go:94.2,94.20 1 1
github.com/mlange-42/track/core/record_file.go:82.16,83.39 1 0
github.com/mlange-42/track/core/record_file.go:86.3,86.23 1 0
github.com/mlange-42/track/core/record_file.go:83.39,85.4 1 0
github.com/mlange-42/track/core/record_file.go:90.16,92.3 1 0
github.com/mlange-42/track/core/record_file.go:98.47,100.16 2 1
github.com/mlange-42/track/core/record_file.go:106.2,106.19 1 1
github.com/mlange-42/track/core/record_file.go:109.2,109.23 1 1
github.com/mlange-42/track/core/record_file.go:112.2,112.20 1 1
github.com/mlange-42/track/core/record_file.go:100.16,101.29 1 0
github.com/mlange-42/track/core/record_file.go:104.3,104.18 1 0
github.com/mlange-42/track/core/record_file.go:101.29,103.4 1 0
github.com/mlange-42/track/core/record_file.go:106.19,108.3 1 1
github.com/mlange-42/track/core/record_file.go:109.23,111.3 1 1
github.com/mlange-42/track/core/record_file.go:116.49,119.16 3 1
github.com/mlange-42/track/core/record_file.go:125.2,126.16 2 1
github.com/mlange-42/track/core/record_file.go:132.2,133.16 2 1
github.com/mlange-42/track/core/record_file.go:139.2,140.16 2 1
github.com/mlange-42/track/core/record_file.go:147.2,148.16 2 1
github.com/mlange-42/track/core/record_file.go:151.2,152.16 2 1
github.com/mlange-42/track/core/record_file.go:156.2,156.18 1 1
github.com/mlange-42/track/core/record_file.go:119.16,120.38 1 1
github.com/mlange-42/track/core/record_file.go:123.3,123.18 1 0
github.com/mlange-42/track/core/record_file.go:120.38,122.4 1 1
github.com/mlange-42/track/core/record_file.go:126.16,127.38 1 0
github.com/mlange-42/track/core/record_file.go:130.3,130.18 1 0
github.com/mlange-42/track/core/record_file.go:127.38,129.4 1 0
github.com/mlange-42/track/core/record_file.go:133.16,134.38 1 0
github.com/mlange-42/track/core/record_file.go:137.3,137.18 1 0
github.com/mlange-42/track/core/record_file.go:134.38,136.4 1 0
github.com/mlange-42/track/core/record_file.go:140.16,141.38 1 0
github.com/mlange-42/track/core/record_file.go:144.3,144.18 1 0
github.com/mlange-42/track/core/record_file.go:141.38,143.4 1 0
github.com/mlange-42/track/core/record_file.go:148.16,150.3 1 0
github.com/mlange-42/track/core/record_file.go:152.16,154.3 1 0
github.com/mlange-42/track/core/record_file.go:160.72,167.27 3 0
github.com/mlange-42/track/core/record_file.go:174.2,174.17 1 0
github.com/mlange-42/track/core/record_file.go:167.27,168.21 1 0
github.com/mlange-42/track/core/record_file.go:171.3,172.26 2 0
github.com/mlange-42/track/core/record_file.go:168.21,170.4 1 0
github.com/mlange-42/track/core/record_file.go:178.52,180.2 1 1
github.com/mlange-42/track/core/record_file.go:183.83,188.27 4 1
github.com/mlange-42/track/core/record_file.go:195.2,195.21 1 1
github.com/mlange-42/track/core/record_file.go:188.27,189.21 1 1
github.com/mlange-42/track/core/record_file.go:192.3,192.40 1 1
github.com/mlange-42/track/core/record_file.go:189.21,191.4 1 0
github.com/mlange-42/track/core/record_file.go:199.73,201.2 1 0
github.com/mlange-42/track/core/record_file.go:204.119,210.16 4 1
github.com/mlange-42/track/core/record_file.go:210.16,215.73 3 1
github.com/mlange-42/track/core/record_file.go:222.3,222.113 1 1
github.com/mlange-42/track/core/record_file.go:246.3,253.35 5 1
github.com/mlange-42/track/core/record_file.go:260.3,260.32 1 1
github.com/mlange-42/track/core/record_file.go:278.3,278.16 1 1
github.com/mlange-42/track/core/record_file.go:215.73,216.26 1 1
github.com/mlange-42/track/core/record_file.go:216.26,219.5 2 1
github.com/mlange-42/track/core/record_file.go:222.113,223.31 1 1
github.com/mlange-42/track/core/record_file.go:226.4,226.31 1 1
github.com/mlange-42/track/core/record_file.go:223.31,225.5 1 1
github.com/mlange-42/track/core/record_file.go:226.31,227.12 1 1
github.com/mlange-42/track/core/record_file.go:233.5,236.23 3 1
github.com/mlange-42/track/core/record_file.go:240.5,240.37 1 1
github.com/mlange-42/track/core/record_file.go:228.17,229.12 1 0
github.com/mlange-42/track/core/record_file.go:230.13,230.13 0 1
github.com/mlange-42/track/core/record_file.go:236.23,239.6 2 0
github.com/mlange-42/track/core/record_file.go:240.37,242.6 1 1
github.com/mlange-42/track/core/record_file.go:253.35,258.4 4 1
github.com/mlange-42/track/core/record_file.go:260.32,261.22 1 1
github.com/mlange-42/track/core/record_file.go:265.4,268.27 3 1
github.com/mlange-42/track/core/record_file.go:261.22,264.5 2 0
github.com/mlange-42/track/core/record_file.go:268.27,271.12 3 0
github.com/mlange-42/track/core/record_file.go:272.17,273.12 1 0
github.com/mlange-42/track/core/record_file.go:274.13,274.13 0 0
github.com/mlange-42/track/core/record_file.go:278.16,280.4 1 1
github.com/mlange-42/track/core/record_file.go:284.127,288.16 3 1
github.com/mlange-42/track/core/record_file.go:288.16,294.17 4 1
github.com/mlange-42/track/core/record_file.go:298.3,298.15 1 1
github.com/mlange-42/track/core/record_file.go:302.3,302.36 1 1
github.com/mlange-42/track/core/record_file.go:294.17,297.4 2 0
github.com/mlange-42/track/core/record_file.go:298.15,300.4 1 0
github.com/mlange-42/track/core/record_file.go:302.36,303.24 1 1
github.com/mlange-42/track/core/record_file.go:306.4,307.18 2 1
github.com/mlange-42/track/core/record_file.go:311.4,311.62 1 1
github.com/mlange-42/track/core/record_file.go:314.4,314.58 1 1
github.com/mlange-42/track/core/record_file.go:318.4,320.16 2 1
github.com/mlange-42/track/core/record_file.go:323.4,323.18 1 1
github.com/mlange-42/track/core/record_file.go:328.4,328.39 1 1
github.com/mlange-42/track/core/record_file.go:303.24,304.13 1 0
github.com/mlange-42/track/core/record_file.go:307.18,310.5 2 0
github.com/mlange-42/track/core/record_file.go:311.62,312.13 1 0
github.com/mlange-42/track/core/record_file.go:314.58,315.13 1 0
github.com/mlange-42/track/core/record_file.go:320.16,322.5 1 0
github.com/mlange-42/track/core/record_file.go:323.18,326.5 2 0
github.com/mlange-42/track/core/record_file.go:328.39,329.26 1 1
github.com/mlange-42/track/core/record_file.go:332.5,333.19 2 1
github.com/mlange-42/track/core/record_file.go:338.5,339.19 2 1
github.com/mlange-42/track/core/record_file.go:344.5,344.17 1 1
github.com/mlange-42/track/core/record_file.go:347.5,347.36 1 1
github.com/mlange-42/track/core/record_file.go:329.26,330.14 1 0
github.com/mlange-42/track/core/record_file.go:333.19,336.6 2 0
github.com/mlange-42/track/core/record_file.go:339.19,342.6 2 0
github.com/mlange-42/track/core/record_file.go:344.17,346.6 1 0
github.com/mlange-42/track/core/record_file.go:347.36,348.25 1 1
github.com/mlange-42/track/core/record_file.go:351.6,352.20 2 1
github.com/mlange-42/track/core/record_file.go:357.6,358.76 2 1
github.com/mlange-42/track/core/record_file.go:361.6,361.58 1 1
github.com/mlange-42/track/core/record_file.go:365.6,366.20 2 1
github.com/mlange-42/track/core/record_file.go:371.6,371.18 1 1
github.com/mlange-42/track/core/record_file.go:374.6,374.31 1 1
github.com/mlange-42/track/core/record_file.go:348.25,349.15 1 0
github.com/mlange-42/track/core/record_file.go:352.20,355.7 2 0
github.com/mlange-42/track/core/record_file.go:358.76,359.15 1 0
github.com/mlange-42/track/core/record_file.go:361.58,362.15 1 0
github.com/mlange-42/track/core/record_file.go:366.20,369.7 2 0
github.com/mlange-42/track/core/record_file.go:371.18,373.7 1 0
github.com/mlange-42/track/core/record_file.go:374.31,375.14 1 1
github.com/mlange-42/track/core/record_file.go:376.19,377.14 1 0
github.com/mlange-42/track/core/record_file.go:378.50,378.50 0 1
github.com/mlange-42/track/core/record_file.go:388.67,390.2 1 0
github.com/mlange-42/track/core/record_file.go:393.72,405.49 6 0
github.com/mlange-42/track/core/record_file.go:408.2,409.49 2 0
github.com/mlange-42/track/core/record_file.go:412.2,414.23 2 0
github.com/mlange-42/track/core/record_file.go:417.2,417.21 1 0
github.com/mlange-42/track/core/record_file.go:405.49,407.3 1 0
github.com/mlange-42/track/core/record_file.go:409.49,411.3 1 0
github.com/mlange-42/track/core/record_file.go:414.23,416.3 1 0
github.com/mlange-42/track/core/record_file.go:421.100,423.16 2 0
github.com/mlange-42/track/core/record_file.go:427.2,429.26 2 0
github.com/mlange-42/track/core/record_file.go:439.2,439.21 1 0
github.com/mlange-42/track/core/record_file.go:423.16,425.3 1 0
github.com/mlange-42/track/core/record_file.go:429.26,431.17 2 0
github.com/mlange-42/track/core/record_file.go:434.3,434.31 1 0
github.com/mlange-42/track/core/record_file.go:431.17,433.4 1 0
github.com/mlange-42/track/core/record_file.go:434.31,436.4 1 0
github.com/mlange-42/track/core/record_file.go:442.70,446.16 3 1
github.com/mlange-42/track/core/record_file.go:449.2,449.19 1 1
github.com/mlange-42/track/core/record_file.go:453.2,456.16 3 1
github.com/mlange-42/track/core/record_file.go:460.2,460.29 1 1
github.com/mlange-42/track/core/record_file.go:472.2,472.21 1 1
github.com/mlange-42/track/core/record_file.go:446.16,448.3 1 0
github.com/mlange-42/track/core/record_file.go:449.19,451.3 1 0
github.com/mlange-42/track/core/record_file.go:456.16,458.3 1 0
github.com/mlange-42/track/core/record_file.go:460.29,461.19 1 1
github.com/mlange-42/track/core/record_file.go:465.3,466.17 2 1
github.com/mlange-42/track/core/record_file.go:469.3,469.32 1 1
github.com/mlange-42/track/core/record_file.go:461.19,462.12 1 0
github.com/mlange-42/track/core/record_file.go:466.17,468.4 1 0
github.com/mlange-42/track/core/record_file.go:476.62,478.37 2 1
github.com/mlange-42/track/core/record_file.go:481.2,483.16 3 1
github.com/mlange-42/track/core/record_file.go:487.2,490.16 3 1
github.com/mlange-42/track/core/record_file.go:494.2,497.16 3 1
github.com/mlange-42/track/core/record_file.go:501.2,503.12 2 1
github.com/mlange-42/track/core/record_file.go:478.37,480.3 1 0
github.com/mlange-42/track/core/record_file.go:483.16,485.3 1 0
github.com/mlange-42/track/core/record_file.go:490.16,492.3 1 0
github.com/mlange-42/track/core/record_file.go:497.16,499.3 1 0
github.com/mlange-42/track/core/record_file.go:507.52,509.28 2 1
github.com/mlange-42/track/core/record_file.go:512.2,513.16 2 1
github.com/mlange-42/track/core/record_file.go:516.2,518.16 3 1
github.com/mlange-42/track/core/record_file.go:521.2,521.11 1 1
github.com/mlange-42/track/core/record_file.go:541.2,541.12 1 1
github.com/mlange-42/track/core/record_file.go:509.28,511.3 1 0
github.com/mlange-42/track/core/record_file.go:513.16,515.3 1 0
github.com/mlange-42/track/core/record_file.go:518.16,520.3 1 0
github.com/mlange-42/track/core/record_file.go:521.11,525.17 4 1
github.com/mlange-42/track/core/record_file.go:528.3,528.12 1 1
github.com/mlange-42/track/core/record_file.go:525.17,527.4 1 0
github.com/mlange-42/track/core/record_file.go:528.12,532.18 4 1
github.com/mlange-42/track/core/record_file.go:535.4,535.13 1 1
github.com/mlange-42/track/core/record_file.go:532.18,534.5 1 0
github.com/mlange-42/track/core/record_file.go:535.13,538.5 1 0
github.com/mlange-42/track/core/record_format.go:14.56,18.24 3 1
github.com/mlange-42/track/core/record_format.go:21.2,25.28 4 1
github.com/mlange-42/track/core/record_format.go:36.2,38.21 2 1
github.com/mlange-42/track/core/record_format.go:41.2,42.25 2 1
github.com/mlange-42/track/core/record_format.go:18.24,20.3 1 1
github.com/mlange-42/track/core/record_format.go:25.28,27.21 2 1
github.com/mlange-42/track/core/record_format.go:32.3,32.19 1 1
github.com/mlange-42/track/core/record_format.go:27.21,29.4 1 1
github.com/mlange-42/track/core/record_format.go:29.9,31.4 1 1
github.com/mlange-42/track/core/record_format.go:32.19,34.4 1 1
github.com/mlange-42/track/core/record_format.go:38.21,40.3 1 1
github.com/mlange-42/track/core/record_format.go:46.68,50.9 4 1
github.com/mlange-42/track/core/record_format.go:53.2,55.16 3 1
github.com/mlange-42/track/core/record_format.go:59.2,60.6 2 1
github.com/mlange-42/track/core/record_format.go:85.2,86.9 2 1
github.com/mlange-42/track/core/record_format.go:89.2,94.8 5 1
github.com/mlange-42/track/core/record_format.go:101.2,102.16 2 1
github.com/mlange-42/track/core/record_format.go:106.2,113.8 1 1
github.com/mlange-42/track/core/record_format.go:50.9,52.3 1 0
github.com/mlange-42/track/core/record_format.go:55.16,57.3 1 0
github.com/mlange-42/track/core/record_format.go:60.6,62.35 2 1
github.com/mlange-42/track/core/record_format.go:65.3,69.17 5 1
github.com/mlange-42/track/core/record_format.go:72.3,73.23 2 1
github.com/mlange-42/track/core/record_format.go:76.3,82.4 1 1
github.com/mlange-42/track/core/record_format.go:62.35,63.9 1 1
github.com/mlange-42/track/core/record_format.go:69.17,71.4 1 0
github.com/mlange-42/track/core/record_format.go:73.23,75.4 1 1
github.com/mlange-42/track/core/record_format.go:86.9,88.3 1 0
github.com/mlange-42/track/core/record_format.go:94.8,95.10 1 1
github.com/mlange-42/track/core/record_format.go:95.10,99.4 3 1
github.com/mlange-42/track/core/record_format.go:102.16,104.3 1 0
github.com/mlange-42/track/core/record_format.go:116.71,117.25 1 1
github.com/mlange-42/track/core/record_format.go:120.2,120.109 1 1
github.com/mlange-42/track/core/record_format.go:126.2,126.20 1 1
github.com/mlange-42/track/core/record_format.go:117.25,119.3 1 1
github.com/mlange-42/track/core/record_format.go:120.109,122.26 2 1
github.com/mlange-42/track/core/record_format.go:122.26,124.4 1 0
